TN:
SF:src/app.controller.ts
FN:6,(anonymous_2)
FN:9,(anonymous_3)
FNF:2
FNH:2
FNDA:1,(anonymous_2)
FNDA:1,(anonymous_3)
DA:1,1
DA:2,1
DA:5,1
DA:6,1
DA:9,1
DA:10,1
LF:6
LH:6
BRF:0
BRH:0
end_of_record
TN:
SF:src/app.service.ts
FN:5,(anonymous_1)
FNF:1
FNH:1
FNDA:1,(anonymous_1)
DA:1,1
DA:4,1
DA:6,1
LF:3
LH:3
BRF:0
BRH:0
end_of_record
TN:
SF:src/auth/auth.controller.ts
FN:19,(anonymous_4)
FN:64,(anonymous_5)
FN:108,(anonymous_6)
FNF:3
FNH:3
FNDA:3,(anonymous_4)
FNDA:1,(anonymous_5)
FNDA:1,(anonymous_6)
DA:1,1
DA:2,1
DA:3,1
DA:4,1
DA:5,1
DA:14,1
DA:18,1
DA:19,3
DA:64,1
DA:65,1
DA:108,1
DA:109,1
LF:12
LH:12
BRF:0
BRH:0
end_of_record
TN:
SF:src/auth/auth.service.ts
FN:9,(anonymous_2)
FN:14,(anonymous_3)
FN:20,(anonymous_4)
FNF:3
FNH:3
FNDA:7,(anonymous_2)
FNDA:2,(anonymous_3)
FNDA:5,(anonymous_4)
DA:1,2
DA:2,2
DA:3,2
DA:4,2
DA:8,2
DA:10,7
DA:11,7
DA:15,2
DA:16,1
DA:17,1
DA:21,5
DA:22,5
DA:23,4
DA:24,3
DA:25,2
DA:26,2
LF:16
LH:16
BRDA:22,0,0,1
BRDA:24,1,0,1
BRF:2
BRH:2
end_of_record
TN:
SF:src/auth/jwt-auth.guard.ts
FNF:0
FNH:0
DA:1,1
DA:2,1
DA:5,1
LF:3
LH:3
BRF:0
BRH:0
end_of_record
TN:
SF:src/auth/jwt.strategy.ts
FN:14,(anonymous_2)
FN:26,(anonymous_3)
FNF:2
FNH:0
FNDA:0,(anonymous_2)
FNDA:0,(anonymous_3)
DA:1,0
DA:2,0
DA:3,0
DA:4,0
DA:13,0
DA:14,0
DA:15,0
DA:17,0
DA:23,0
DA:27,0
DA:35,0
DA:36,0
DA:39,0
LF:13
LH:0
BRDA:27,0,0,0
BRDA:28,1,0,0
BRDA:28,1,1,0
BRDA:28,1,2,0
BRDA:28,1,3,0
BRDA:28,1,4,0
BRDA:28,1,5,0
BRF:7
BRH:0
end_of_record
TN:
SF:src/auth/optional-jwt.guard.ts
FN:6,(anonymous_1)
FNF:1
FNH:0
FNDA:0,(anonymous_1)
DA:1,0
DA:2,0
DA:5,0
DA:7,0
LF:4
LH:0
BRDA:7,0,0,0
BRDA:7,0,1,0
BRF:2
BRH:0
end_of_record
TN:
SF:src/docs/docs.controller.ts
FN:34,(anonymous_4)
FNF:1
FNH:0
FNDA:0,(anonymous_4)
DA:1,0
DA:3,0
DA:4,0
DA:5,0
DA:6,0
DA:15,0
DA:34,0
DA:35,0
DA:36,0
DA:37,0
DA:39,0
DA:41,0
DA:262,0
DA:263,0
DA:265,0
LF:15
LH:0
BRF:0
BRH:0
end_of_record
TN:
SF:src/urls/redirect.controller.ts
FN:15,(anonymous_4)
FN:54,(anonymous_5)
FNF:2
FNH:0
FNDA:0,(anonymous_4)
FNDA:0,(anonymous_5)
DA:1,0
DA:3,0
DA:4,0
DA:14,0
DA:15,0
DA:54,0
DA:58,0
DA:59,0
LF:8
LH:0
BRF:0
BRH:0
end_of_record
TN:
SF:src/urls/shorten.controller.ts
FN:19,(anonymous_4)
FN:53,(anonymous_5)
FNF:2
FNH:0
FNDA:0,(anonymous_4)
FNDA:0,(anonymous_5)
DA:1,0
DA:3,0
DA:4,0
DA:5,0
DA:6,0
DA:14,0
DA:18,0
DA:19,0
DA:53,0
DA:57,0
DA:58,0
DA:59,0
LF:12
LH:0
BRDA:57,0,0,0
BRDA:57,0,1,0
BRF:2
BRH:0
end_of_record
TN:
SF:src/urls/urls.controller.ts
FN:36,(anonymous_4)
FN:58,(anonymous_5)
FN:121,(anonymous_6)
FN:156,(anonymous_7)
FNF:4
FNH:4
FNDA:4,(anonymous_4)
FNDA:1,(anonymous_5)
FNDA:1,(anonymous_6)
FNDA:1,(anonymous_7)
DA:1,1
DA:12,1
DA:14,1
DA:15,1
DA:16,1
DA:17,1
DA:29,1
DA:35,1
DA:36,4
DA:58,1
DA:59,1
DA:121,1
DA:122,1
DA:156,1
DA:157,1
LF:15
LH:15
BRF:0
BRH:0
end_of_record
TN:
SF:src/urls/urls.service.ts
FN:10,(anonymous_4)
FN:16,(anonymous_5)
FN:26,(anonymous_6)
FN:32,(anonymous_7)
FN:47,(anonymous_8)
FN:55,(anonymous_9)
FN:60,(anonymous_10)
FN:67,(anonymous_11)
FN:74,(anonymous_12)
FN:87,(anonymous_13)
FNF:10
FNH:10
FNDA:19,(anonymous_4)
FNDA:5,(anonymous_5)
FNDA:1,(anonymous_6)
FNDA:2,(anonymous_7)
FNDA:5,(anonymous_8)
FNDA:1,(anonymous_9)
FNDA:2,(anonymous_10)
FNDA:2,(anonymous_11)
FNDA:3,(anonymous_12)
FNDA:3,(anonymous_13)
DA:1,2
DA:2,2
DA:3,2
DA:4,2
DA:5,2
DA:6,2
DA:9,2
DA:12,19
DA:13,19
DA:19,5
DA:20,6
DA:21,6
DA:23,5
DA:27,1
DA:28,1
DA:29,1
DA:36,2
DA:37,2
DA:42,2
DA:43,2
DA:44,2
DA:48,5
DA:51,5
DA:52,2
DA:56,1
DA:57,1
DA:61,2
DA:62,1
DA:63,1
DA:64,1
DA:68,2
DA:79,3
DA:82,3
DA:83,1
DA:84,1
DA:88,3
DA:89,3
DA:90,2
LF:38
LH:38
BRDA:51,0,0,3
BRDA:82,1,0,2
BRDA:89,2,0,2
BRF:3
BRH:3
end_of_record
TN:
SF:src/users/users.service.ts
FN:9,(anonymous_4)
FN:14,(anonymous_5)
FN:22,(anonymous_6)
FNF:3
FNH:3
FNDA:12,(anonymous_4)
FNDA:5,(anonymous_5)
FNDA:6,(anonymous_6)
DA:1,3
DA:2,3
DA:3,3
DA:4,3
DA:5,3
DA:8,3
DA:11,12
DA:15,5
DA:16,4
DA:17,3
DA:18,2
DA:19,2
DA:23,6
LF:13
LH:13
BRDA:16,0,0,1
BRF:1
BRH:1
end_of_record
TN:
SF:src/utils/nanoid.util.ts
FNF:0
FNH:0
DA:1,2
DA:3,2
LF:2
LH:2
BRF:0
BRH:0
end_of_record
